<?xml version="1.0" encoding="UTF-8"?>
<!-- Generated by org.testng.reporters.JUnitXMLReporter -->
<testsuite hostname="pavan" ignored="0" name="Default test" tests="5" failures="0" timestamp="2020-06-03T20:48:52 IST" time="95.065" errors="0">
  <testcase name="validatingUrlTest" time="0.022" classname="com.flipkart.testcases.MobileSearchPageTest"/>
  <testcase name="searchProductsTest" time="0.375" classname="com.flipkart.testcases.MobileSearchPageTest"/>
  <testcase name="ramSelectionTest" time="1.937" classname="com.flipkart.testcases.MobileSearchPageTest"/>
  <testcase name="brandSelectionTest" time="22.369" classname="com.flipkart.testcases.MobileSearchPageTest"/>
  <testcase name="selectMobileTest" time="22.644" classname="com.flipkart.testcases.MobileSearchPageTest"/>
</testsuite> <!-- Default test -->
