<?xml version="1.0" encoding="UTF-8"?>
<!-- Generated by org.testng.reporters.JUnitXMLReporter -->
<testsuite hostname="pavan" ignored="5" name="Test" tests="1" failures="1" timestamp="2020-06-04T20:11:37 IST" time="66.899" errors="0">
  <testcase name="compareMobileTest" time="54.962" classname="com.flipkart.testcases.MobileSearchPageTest">
    <failure type="org.openqa.selenium.NoSuchElementException" message="no such element: Unable to locate element: {&amp;quot;method&amp;quot;:&amp;quot;xpath&amp;quot;,&amp;quot;selector&amp;quot;:&amp;quot;//*[@id=&amp;apos;container&amp;apos;]/div/div[3]/div[2]/div[1]/div[2]/div[1]/div[2]/div/span/div/label/div&amp;quot;}
  (Session info: chrome=83.0.4103.61)
For documentation on this error, please visit: https://www.seleniumhq.org/exceptions/no_such_element.html
Build info: version: &amp;apos;3.141.59&amp;apos;, revision: &amp;apos;e82be7d358&amp;apos;, time: &amp;apos;2018-11-14T08:17:03&amp;apos;
System info: host: &amp;apos;PAVAN&amp;apos;, ip: &amp;apos;192.168.0.8&amp;apos;, os.name: &amp;apos;Windows 8.1&amp;apos;, os.arch: &amp;apos;amd64&amp;apos;, os.version: &amp;apos;6.3&amp;apos;, java.version: &amp;apos;1.8.0_171&amp;apos;
Driver info: org.openqa.selenium.chrome.ChromeDriver
Capabilities {acceptInsecureCerts: false, browserName: chrome, browserVersion: 83.0.4103.61, chrome: {chromedriverVersion: 83.0.4103.39 (ccbf011cb2d2b..., userDataDir: C:\Users\PAVANT~1\AppData\L...}, goog:chromeOptions: {debuggerAddress: localhost:62807}, javascriptEnabled: true, networkConnectionEnabled: false, pageLoadStrategy: normal, platform: WINDOWS, platformName: WINDOWS, proxy: Proxy(), setWindowRect: true, strictFileInteractability: false, timeouts: {implicit: 0, pageLoad: 300000, script: 30000}, unhandledPromptBehavior: dismiss and notify, webauthn:virtualAuthenticators: true}
Session ID: 6f2c58c3682b2600bf27e43bd69b0eb1
*** Element info: {Using=xpath, value=//*[@id=&amp;apos;container&amp;apos;]/div/div[3]/div[2]/div[1]/div[2]/div[1]/div[2]/div/span/div/label/div}">
      <![CDATA[org.openqa.selenium.NoSuchElementException: no such element: Unable to locate element: {"method":"xpath","selector":"//*[@id='container']/div/div[3]/div[2]/div[1]/div[2]/div[1]/div[2]/div/span/div/label/div"}
  (Session info: chrome=83.0.4103.61)
For documentation on this error, please visit: https://www.seleniumhq.org/exceptions/no_such_element.html
Build info: version: '3.141.59', revision: 'e82be7d358', time: '2018-11-14T08:17:03'
System info: host: 'PAVAN', ip: '192.168.0.8', os.name: 'Windows 8.1', os.arch: 'amd64', os.version: '6.3', java.version: '1.8.0_171'
Driver info: org.openqa.selenium.chrome.ChromeDriver
Capabilities {acceptInsecureCerts: false, browserName: chrome, browserVersion: 83.0.4103.61, chrome: {chromedriverVersion: 83.0.4103.39 (ccbf011cb2d2b..., userDataDir: C:\Users\PAVANT~1\AppData\L...}, goog:chromeOptions: {debuggerAddress: localhost:62807}, javascriptEnabled: true, networkConnectionEnabled: false, pageLoadStrategy: normal, platform: WINDOWS, platformName: WINDOWS, proxy: Proxy(), setWindowRect: true, strictFileInteractability: false, timeouts: {implicit: 0, pageLoad: 300000, script: 30000}, unhandledPromptBehavior: dismiss and notify, webauthn:virtualAuthenticators: true}
Session ID: 6f2c58c3682b2600bf27e43bd69b0eb1
*** Element info: {Using=xpath, value=//*[@id='container']/div/div[3]/div[2]/div[1]/div[2]/div[1]/div[2]/div/span/div/label/div}
at org.openqa.selenium.remote.http.W3CHttpResponseCodec.createException(W3CHttpResponseCodec.java:187)
at org.openqa.selenium.remote.http.W3CHttpResponseCodec.decode(W3CHttpResponseCodec.java:122)
at org.openqa.selenium.remote.http.W3CHttpResponseCodec.decode(W3CHttpResponseCodec.java:49)
at org.openqa.selenium.remote.HttpCommandExecutor.execute(HttpCommandExecutor.java:158)
at org.openqa.selenium.remote.service.DriverCommandExecutor.execute(DriverCommandExecutor.java:83)
at org.openqa.selenium.remote.RemoteWebDriver.execute(RemoteWebDriver.java:552)
at org.openqa.selenium.remote.RemoteWebDriver.findElement(RemoteWebDriver.java:323)
at org.openqa.selenium.remote.RemoteWebDriver.findElementByXPath(RemoteWebDriver.java:428)
at org.openqa.selenium.By$ByXPath.findElement(By.java:353)
at org.openqa.selenium.remote.RemoteWebDriver.findElement(RemoteWebDriver.java:315)
at org.openqa.selenium.support.pagefactory.DefaultElementLocator.findElement(DefaultElementLocator.java:69)
at org.openqa.selenium.support.pagefactory.internal.LocatingElementHandler.invoke(LocatingElementHandler.java:38)
at com.sun.proxy.$Proxy10.click(Unknown Source)
at com.flipkart.pages.MoblieSearchPage.compareMobile(MoblieSearchPage.java:170)
at com.flipkart.testcases.MobileSearchPageTest.compareMobileTest(MobileSearchPageTest.java:90)
at java.util.ArrayList.forEach(ArrayList.java:1257)
... Removed 31 stack frames]]>
    </failure>
  </testcase> <!-- compareMobileTest -->
  <testcase name="searchProductsTest" time="0.0" classname="com.flipkart.testcases.MobileSearchPageTest">
    <ignored/>
  </testcase> <!-- searchProductsTest -->
  <testcase name="ramSelectionTest" time="0.0" classname="com.flipkart.testcases.MobileSearchPageTest">
    <ignored/>
  </testcase> <!-- ramSelectionTest -->
  <testcase name="selectMobileTest" time="0.0" classname="com.flipkart.testcases.MobileSearchPageTest">
    <ignored/>
  </testcase> <!-- selectMobileTest -->
  <testcase name="brandSelectionTest" time="0.0" classname="com.flipkart.testcases.MobileSearchPageTest">
    <ignored/>
  </testcase> <!-- brandSelectionTest -->
  <testcase name="validatingUrlTest" time="0.0" classname="com.flipkart.testcases.MobileSearchPageTest">
    <ignored/>
  </testcase> <!-- validatingUrlTest -->
</testsuite> <!-- Test -->
