<?xml version="1.0" encoding="UTF-8"?>
<testng-results skipped="0" failed="1" ignored="0" total="6" passed="5">
  <reporter-output>
  </reporter-output>
  <suite name="Suite" duration-ms="173156" started-at="2020-06-03T20:59:03 IST" finished-at="2020-06-03T21:01:56 IST">
    <groups>
      <group name="MobileSelection">
        <method signature="MobileSearchPageTest.searchProductsTest(java.lang.String)[pri:2, instance:com.flipkart.testcases.MobileSearchPageTest@1e7c7811]" name="searchProductsTest" class="com.flipkart.testcases.MobileSearchPageTest"/>
      </group> <!-- MobileSelection -->
    </groups>
    <test name="Test" duration-ms="173156" started-at="2020-06-03T20:59:03 IST" finished-at="2020-06-03T21:01:56 IST">
      <class name="com.flipkart.testcases.MobileSearchPageTest">
        <test-method status="PASS" signature="setUp()[pri:0, instance:com.flipkart.testcases.MobileSearchPageTest@1e7c7811]" name="setUp" is-config="true" duration-ms="9059" started-at="2020-06-03T20:59:03 IST" finished-at="2020-06-03T20:59:12 IST">
          <reporter-output>
          </reporter-output>
        </test-method> <!-- setUp -->
        <test-method status="PASS" signature="validatingUrlTest()[pri:1, instance:com.flipkart.testcases.MobileSearchPageTest@1e7c7811]" name="validatingUrlTest" duration-ms="22" started-at="2020-06-03T20:59:12 IST" finished-at="2020-06-03T20:59:12 IST">
          <reporter-output>
          </reporter-output>
        </test-method> <!-- validatingUrlTest -->
        <test-method status="PASS" signature="tearDown()[pri:0, instance:com.flipkart.testcases.MobileSearchPageTest@1e7c7811]" name="tearDown" is-config="true" duration-ms="2850" started-at="2020-06-03T20:59:12 IST" finished-at="2020-06-03T20:59:15 IST">
          <reporter-output>
          </reporter-output>
        </test-method> <!-- tearDown -->
        <test-method status="PASS" signature="setUp()[pri:0, instance:com.flipkart.testcases.MobileSearchPageTest@1e7c7811]" name="setUp" is-config="true" duration-ms="8361" started-at="2020-06-03T20:59:15 IST" finished-at="2020-06-03T20:59:24 IST">
          <reporter-output>
          </reporter-output>
        </test-method> <!-- setUp -->
        <test-method status="PASS" signature="searchProductsTest(java.lang.String)[pri:2, instance:com.flipkart.testcases.MobileSearchPageTest@1e7c7811]" name="searchProductsTest" duration-ms="322" started-at="2020-06-03T20:59:24 IST" finished-at="2020-06-03T20:59:24 IST">
          <params>
            <param index="0">
              <value>
                <![CDATA[Phones]]>
              </value>
            </param>
          </params>
          <reporter-output>
          </reporter-output>
        </test-method> <!-- searchProductsTest -->
        <test-method status="PASS" signature="tearDown()[pri:0, instance:com.flipkart.testcases.MobileSearchPageTest@1e7c7811]" name="tearDown" is-config="true" duration-ms="3122" started-at="2020-06-03T20:59:24 IST" finished-at="2020-06-03T20:59:27 IST">
          <reporter-output>
          </reporter-output>
        </test-method> <!-- tearDown -->
        <test-method status="PASS" signature="setUp()[pri:0, instance:com.flipkart.testcases.MobileSearchPageTest@1e7c7811]" name="setUp" is-config="true" duration-ms="8221" started-at="2020-06-03T20:59:27 IST" finished-at="2020-06-03T20:59:35 IST">
          <reporter-output>
          </reporter-output>
        </test-method> <!-- setUp -->
        <test-method status="PASS" signature="ramSelectionTest(java.lang.String, java.lang.String)[pri:3, instance:com.flipkart.testcases.MobileSearchPageTest@1e7c7811]" name="ramSelectionTest" duration-ms="1368" depends-on-groups="MobileSelection" started-at="2020-06-03T20:59:35 IST" finished-at="2020-06-03T20:59:37 IST">
          <params>
            <param index="0">
              <value>
                <![CDATA[Phones]]>
              </value>
            </param>
            <param index="1">
              <value>
                <![CDATA[4 GB]]>
              </value>
            </param>
          </params>
          <reporter-output>
          </reporter-output>
        </test-method> <!-- ramSelectionTest -->
        <test-method status="PASS" signature="tearDown()[pri:0, instance:com.flipkart.testcases.MobileSearchPageTest@1e7c7811]" name="tearDown" is-config="true" duration-ms="2673" started-at="2020-06-03T20:59:37 IST" finished-at="2020-06-03T20:59:39 IST">
          <reporter-output>
          </reporter-output>
        </test-method> <!-- tearDown -->
        <test-method status="PASS" signature="setUp()[pri:0, instance:com.flipkart.testcases.MobileSearchPageTest@1e7c7811]" name="setUp" is-config="true" duration-ms="8325" started-at="2020-06-03T20:59:39 IST" finished-at="2020-06-03T20:59:48 IST">
          <reporter-output>
          </reporter-output>
        </test-method> <!-- setUp -->
        <test-method status="PASS" signature="brandSelectionTest(java.lang.String, java.lang.String, java.lang.String)[pri:4, instance:com.flipkart.testcases.MobileSearchPageTest@1e7c7811]" name="brandSelectionTest" duration-ms="22680" depends-on-groups="MobileSelection" started-at="2020-06-03T20:59:48 IST" finished-at="2020-06-03T21:00:10 IST">
          <params>
            <param index="0">
              <value>
                <![CDATA[Phones]]>
              </value>
            </param>
            <param index="1">
              <value>
                <![CDATA[4 GB]]>
              </value>
            </param>
            <param index="2">
              <value>
                <![CDATA[Nokia]]>
              </value>
            </param>
          </params>
          <reporter-output>
          </reporter-output>
        </test-method> <!-- brandSelectionTest -->
        <test-method status="PASS" signature="tearDown()[pri:0, instance:com.flipkart.testcases.MobileSearchPageTest@1e7c7811]" name="tearDown" is-config="true" duration-ms="3558" started-at="2020-06-03T21:00:10 IST" finished-at="2020-06-03T21:00:14 IST">
          <reporter-output>
          </reporter-output>
        </test-method> <!-- tearDown -->
        <test-method status="PASS" signature="setUp()[pri:0, instance:com.flipkart.testcases.MobileSearchPageTest@1e7c7811]" name="setUp" is-config="true" duration-ms="18627" started-at="2020-06-03T21:00:14 IST" finished-at="2020-06-03T21:00:32 IST">
          <reporter-output>
          </reporter-output>
        </test-method> <!-- setUp -->
        <test-method status="PASS" signature="selectMobileTest(java.lang.String, java.lang.String, java.lang.String, java.lang.String)[pri:5, instance:com.flipkart.testcases.MobileSearchPageTest@1e7c7811]" name="selectMobileTest" duration-ms="23369" depends-on-groups="MobileSelection" started-at="2020-06-03T21:00:32 IST" finished-at="2020-06-03T21:00:56 IST">
          <params>
            <param index="0">
              <value>
                <![CDATA[Phones]]>
              </value>
            </param>
            <param index="1">
              <value>
                <![CDATA[4 GB]]>
              </value>
            </param>
            <param index="2">
              <value>
                <![CDATA[Nokia]]>
              </value>
            </param>
            <param index="3">
              <value>
                <![CDATA[Nokia 6.2 (Black, 64 GB)]]>
              </value>
            </param>
          </params>
          <reporter-output>
          </reporter-output>
        </test-method> <!-- selectMobileTest -->
        <test-method status="PASS" signature="tearDown()[pri:0, instance:com.flipkart.testcases.MobileSearchPageTest@1e7c7811]" name="tearDown" is-config="true" duration-ms="3072" started-at="2020-06-03T21:00:56 IST" finished-at="2020-06-03T21:00:59 IST">
          <reporter-output>
          </reporter-output>
        </test-method> <!-- tearDown -->
        <test-method status="PASS" signature="setUp()[pri:0, instance:com.flipkart.testcases.MobileSearchPageTest@1e7c7811]" name="setUp" is-config="true" duration-ms="10675" started-at="2020-06-03T21:00:59 IST" finished-at="2020-06-03T21:01:10 IST">
          <reporter-output>
          </reporter-output>
        </test-method> <!-- setUp -->
        <test-method status="FAIL" signature="compareMobileTest(java.lang.String, java.lang.String, java.lang.String, java.lang.String)[pri:6, instance:com.flipkart.testcases.MobileSearchPageTest@1e7c7811]" name="compareMobileTest" duration-ms="43621" depends-on-groups="MobileSelection" started-at="2020-06-03T21:01:10 IST" finished-at="2020-06-03T21:01:53 IST">
          <params>
            <param index="0">
              <value>
                <![CDATA[Phones]]>
              </value>
            </param>
            <param index="1">
              <value>
                <![CDATA[4 GB]]>
              </value>
            </param>
            <param index="2">
              <value>
                <![CDATA[Nokia]]>
              </value>
            </param>
            <param index="3">
              <value>
                <![CDATA[Nokia 6.2 (Black, 64 GB)]]>
              </value>
            </param>
          </params>
          <exception class="org.openqa.selenium.NoSuchElementException">
            <message>
              <![CDATA[no such element: Unable to locate element: {"method":"xpath","selector":"//*[@id='fk-compare-page']/div/div/div/div[1]/div[2]/div/div[2]/div[1]/div/div[2]/div[2]/input"}
  (Session info: chrome=83.0.4103.61)
For documentation on this error, please visit: https://www.seleniumhq.org/exceptions/no_such_element.html
Build info: version: '3.141.59', revision: 'e82be7d358', time: '2018-11-14T08:17:03'
System info: host: 'PAVAN', ip: '192.168.0.6', os.name: 'Windows 8.1', os.arch: 'amd64', os.version: '6.3', java.version: '1.8.0_171'
Driver info: org.openqa.selenium.chrome.ChromeDriver
Capabilities {acceptInsecureCerts: false, browserName: chrome, browserVersion: 83.0.4103.61, chrome: {chromedriverVersion: 83.0.4103.39 (ccbf011cb2d2b..., userDataDir: C:\Users\PAVANT~1\AppData\L...}, goog:chromeOptions: {debuggerAddress: localhost:52203}, javascriptEnabled: true, networkConnectionEnabled: false, pageLoadStrategy: normal, platform: WINDOWS, platformName: WINDOWS, proxy: Proxy(), setWindowRect: true, strictFileInteractability: false, timeouts: {implicit: 0, pageLoad: 300000, script: 30000}, unhandledPromptBehavior: dismiss and notify, webauthn:virtualAuthenticators: true}
Session ID: f3346e33cbed010cf93556007a63ef5a
*** Element info: {Using=xpath, value=//*[@id='fk-compare-page']/div/div/div/div[1]/div[2]/div/div[2]/div[1]/div/div[2]/div[2]/input}]]>
            </message>
            <full-stacktrace>
              <![CDATA[org.openqa.selenium.NoSuchElementException: no such element: Unable to locate element: {"method":"xpath","selector":"//*[@id='fk-compare-page']/div/div/div/div[1]/div[2]/div/div[2]/div[1]/div/div[2]/div[2]/input"}
  (Session info: chrome=83.0.4103.61)
For documentation on this error, please visit: https://www.seleniumhq.org/exceptions/no_such_element.html
Build info: version: '3.141.59', revision: 'e82be7d358', time: '2018-11-14T08:17:03'
System info: host: 'PAVAN', ip: '192.168.0.6', os.name: 'Windows 8.1', os.arch: 'amd64', os.version: '6.3', java.version: '1.8.0_171'
Driver info: org.openqa.selenium.chrome.ChromeDriver
Capabilities {acceptInsecureCerts: false, browserName: chrome, browserVersion: 83.0.4103.61, chrome: {chromedriverVersion: 83.0.4103.39 (ccbf011cb2d2b..., userDataDir: C:\Users\PAVANT~1\AppData\L...}, goog:chromeOptions: {debuggerAddress: localhost:52203}, javascriptEnabled: true, networkConnectionEnabled: false, pageLoadStrategy: normal, platform: WINDOWS, platformName: WINDOWS, proxy: Proxy(), setWindowRect: true, strictFileInteractability: false, timeouts: {implicit: 0, pageLoad: 300000, script: 30000}, unhandledPromptBehavior: dismiss and notify, webauthn:virtualAuthenticators: true}
Session ID: f3346e33cbed010cf93556007a63ef5a
*** Element info: {Using=xpath, value=//*[@id='fk-compare-page']/div/div/div/div[1]/div[2]/div/div[2]/div[1]/div/div[2]/div[2]/input}
at sun.reflect.NativeConstructorAccessorImpl.newInstance0(Native Method)
at sun.reflect.NativeConstructorAccessorImpl.newInstance(NativeConstructorAccessorImpl.java:62)
at sun.reflect.DelegatingConstructorAccessorImpl.newInstance(DelegatingConstructorAccessorImpl.java:45)
at java.lang.reflect.Constructor.newInstance(Constructor.java:423)
at org.openqa.selenium.remote.http.W3CHttpResponseCodec.createException(W3CHttpResponseCodec.java:187)
at org.openqa.selenium.remote.http.W3CHttpResponseCodec.decode(W3CHttpResponseCodec.java:122)
at org.openqa.selenium.remote.http.W3CHttpResponseCodec.decode(W3CHttpResponseCodec.java:49)
at org.openqa.selenium.remote.HttpCommandExecutor.execute(HttpCommandExecutor.java:158)
at org.openqa.selenium.remote.service.DriverCommandExecutor.execute(DriverCommandExecutor.java:83)
at org.openqa.selenium.remote.RemoteWebDriver.execute(RemoteWebDriver.java:552)
at org.openqa.selenium.remote.RemoteWebDriver.findElement(RemoteWebDriver.java:323)
at org.openqa.selenium.remote.RemoteWebDriver.findElementByXPath(RemoteWebDriver.java:428)
at org.openqa.selenium.By$ByXPath.findElement(By.java:353)
at org.openqa.selenium.remote.RemoteWebDriver.findElement(RemoteWebDriver.java:315)
at org.openqa.selenium.support.pagefactory.DefaultElementLocator.findElement(DefaultElementLocator.java:69)
at org.openqa.selenium.support.pagefactory.internal.LocatingElementHandler.invoke(LocatingElementHandler.java:38)
at com.sun.proxy.$Proxy10.click(Unknown Source)
at com.flipkart.pages.MoblieSearchPage.compareMobile(MoblieSearchPage.java:156)
at com.flipkart.testcases.MobileSearchPageTest.compareMobileTest(MobileSearchPageTest.java:88)
at sun.reflect.NativeMethodAccessorImpl.invoke0(Native Method)
at sun.reflect.NativeMethodAccessorImpl.invoke(NativeMethodAccessorImpl.java:62)
at sun.reflect.DelegatingMethodAccessorImpl.invoke(DelegatingMethodAccessorImpl.java:43)
at java.lang.reflect.Method.invoke(Method.java:498)
at org.testng.internal.MethodInvocationHelper.invokeMethod(MethodInvocationHelper.java:134)
at org.testng.internal.TestInvoker.invokeMethod(TestInvoker.java:597)
at org.testng.internal.TestInvoker.invokeTestMethod(TestInvoker.java:173)
at org.testng.internal.MethodRunner.runInSequence(MethodRunner.java:46)
at org.testng.internal.TestInvoker$MethodInvocationAgent.invoke(TestInvoker.java:816)
at org.testng.internal.TestInvoker.invokeTestMethods(TestInvoker.java:146)
at org.testng.internal.TestMethodWorker.invokeTestMethods(TestMethodWorker.java:146)
at org.testng.internal.TestMethodWorker.run(TestMethodWorker.java:128)
at java.util.ArrayList.forEach(ArrayList.java:1257)
at org.testng.TestRunner.privateRun(TestRunner.java:766)
at org.testng.TestRunner.run(TestRunner.java:587)
at org.testng.SuiteRunner.runTest(SuiteRunner.java:384)
at org.testng.SuiteRunner.runSequentially(SuiteRunner.java:378)
at org.testng.SuiteRunner.privateRun(SuiteRunner.java:337)
at org.testng.SuiteRunner.run(SuiteRunner.java:286)
at org.testng.SuiteRunnerWorker.runSuite(SuiteRunnerWorker.java:53)
at org.testng.SuiteRunnerWorker.run(SuiteRunnerWorker.java:96)
at org.testng.TestNG.runSuitesSequentially(TestNG.java:1187)
at org.testng.TestNG.runSuitesLocally(TestNG.java:1109)
at org.testng.TestNG.runSuites(TestNG.java:1039)
at org.testng.TestNG.run(TestNG.java:1007)
at org.testng.remote.AbstractRemoteTestNG.run(AbstractRemoteTestNG.java:115)
at org.testng.remote.RemoteTestNG.initAndRun(RemoteTestNG.java:251)
at org.testng.remote.RemoteTestNG.main(RemoteTestNG.java:77)
]]>
            </full-stacktrace>
          </exception> <!-- org.openqa.selenium.NoSuchElementException -->
          <reporter-output>
          </reporter-output>
        </test-method> <!-- compareMobileTest -->
        <test-method status="PASS" signature="tearDown()[pri:0, instance:com.flipkart.testcases.MobileSearchPageTest@1e7c7811]" name="tearDown" is-config="true" duration-ms="3149" started-at="2020-06-03T21:01:53 IST" finished-at="2020-06-03T21:01:56 IST">
          <reporter-output>
          </reporter-output>
        </test-method> <!-- tearDown -->
      </class> <!-- com.flipkart.testcases.MobileSearchPageTest -->
    </test> <!-- Test -->
  </suite> <!-- Suite -->
</testng-results>
