<?xml version="1.0" encoding="UTF-8"?>
<testng-results skipped="0" failed="0" ignored="0" total="1" passed="1">
  <reporter-output>
  </reporter-output>
  <suite name="Suite" duration-ms="41309" started-at="2020-06-02T01:45:21 IST" finished-at="2020-06-02T01:46:02 IST">
    <groups>
    </groups>
    <test name="Test" duration-ms="41309" started-at="2020-06-02T01:45:21 IST" finished-at="2020-06-02T01:46:02 IST">
      <class name="com.flipkart.testcases.MobileSearchPageTest">
        <test-method status="PASS" signature="setUp()[pri:0, instance:com.flipkart.testcases.MobileSearchPageTest@5f3a4b84]" name="setUp" is-config="true" duration-ms="11528" started-at="2020-06-02T01:45:21 IST" finished-at="2020-06-02T01:45:32 IST">
          <reporter-output>
          </reporter-output>
        </test-method> <!-- setUp -->
        <test-method status="PASS" signature="TestCase(java.lang.String, java.lang.String, java.lang.String, java.lang.String, int)[pri:0, instance:com.flipkart.testcases.MobileSearchPageTest@5f3a4b84]" name="TestCase" duration-ms="28614" started-at="2020-06-02T01:45:32 IST" finished-at="2020-06-02T01:46:01 IST">
          <params>
            <param index="0">
              <value>
                <![CDATA[Phones]]>
              </value>
            </param>
            <param index="1">
              <value>
                <![CDATA[4 GB]]>
              </value>
            </param>
            <param index="2">
              <value>
                <![CDATA[ZOPO]]>
              </value>
            </param>
            <param index="3">
              <value>
                <![CDATA[ZOPO Speed 8 (Black, 32 GB)]]>
              </value>
            </param>
            <param index="4">
              <value>
                <![CDATA[1]]>
              </value>
            </param>
          </params>
          <reporter-output>
          </reporter-output>
        </test-method> <!-- TestCase -->
        <test-method status="PASS" signature="tearDown()[pri:0, instance:com.flipkart.testcases.MobileSearchPageTest@5f3a4b84]" name="tearDown" is-config="true" duration-ms="1122" started-at="2020-06-02T01:46:01 IST" finished-at="2020-06-02T01:46:02 IST">
          <reporter-output>
          </reporter-output>
        </test-method> <!-- tearDown -->
      </class> <!-- com.flipkart.testcases.MobileSearchPageTest -->
    </test> <!-- Test -->
  </suite> <!-- Suite -->
</testng-results>
